<?xml version="1.0" encoding="UTF-8"?>
<testsuites>
    <testsuite name="withdrawal;cash-withdrawn-is-below-account-balance" tests="3" failures="0" skipped="0">
        <properties>
            <property name="URI" value="features/withdrawal.feature">
            </property>
        </properties>
        <testcase name="Given I have Ksh. 1000 in my account" classname="withdrawal;cash-withdrawn-is-below-account-balance" time="0.001">
        </testcase>
        <testcase name="When I withdraw Ksh. 700" classname="withdrawal;cash-withdrawn-is-below-account-balance">
        </testcase>
        <testcase name="Then My balance is Ksh. 300" classname="withdrawal;cash-withdrawn-is-below-account-balance" time="0.001">
        </testcase>
    </testsuite>
    <testsuite name="withdrawal;cash-withdrawn-is-above-account-balance" tests="3" failures="0" skipped="0">
        <properties>
            <property name="URI" value="features/withdrawal.feature">
            </property>
        </properties>
        <testcase name="Given I have Ksh. 1000 in my account" classname="withdrawal;cash-withdrawn-is-above-account-balance">
        </testcase>
        <testcase name="When I withdraw Ksh. 1800" classname="withdrawal;cash-withdrawn-is-above-account-balance">
        </testcase>
        <testcase name="Then My balance is Ksh. 1000" classname="withdrawal;cash-withdrawn-is-above-account-balance">
        </testcase>
    </testsuite>
    <testsuite name="withdrawal;cash-withdrawn-is-above-withdrawal-limit" tests="3" failures="0" skipped="0">
        <properties>
            <property name="URI" value="features/withdrawal.feature">
            </property>
        </properties>
        <testcase name="Given I have Ksh. 100000 in my account" classname="withdrawal;cash-withdrawn-is-above-withdrawal-limit">
        </testcase>
        <testcase name="When I withdraw Ksh. 50000" classname="withdrawal;cash-withdrawn-is-above-withdrawal-limit">
        </testcase>
        <testcase name="Then My balance is Ksh. 100000" classname="withdrawal;cash-withdrawn-is-above-withdrawal-limit" time="0.001">
        </testcase>
    </testsuite>
    <testsuite name="withdrawal;cash-withdrawn-is-below-withdrawal-limit" tests="3" failures="0" skipped="0">
        <properties>
            <property name="URI" value="features/withdrawal.feature">
            </property>
        </properties>
        <testcase name="Given I have Ksh. 1000 in my account" classname="withdrawal;cash-withdrawn-is-below-withdrawal-limit">
        </testcase>
        <testcase name="When I withdraw Ksh. 100" classname="withdrawal;cash-withdrawn-is-below-withdrawal-limit">
        </testcase>
        <testcase name="Then My balance is Ksh. 1000" classname="withdrawal;cash-withdrawn-is-below-withdrawal-limit" time="0.001">
        </testcase>
    </testsuite>
    <testsuite name="withdrawal;cash-withdrawn" tests="3" failures="0" skipped="0">
        <properties>
            <property name="URI" value="features/withdrawal.feature">
            </property>
        </properties>
        <testcase name="Given I have Ksh. 0 in my account" classname="withdrawal;cash-withdrawn">
        </testcase>
        <testcase name="When I withdraw Ksh. 100" classname="withdrawal;cash-withdrawn">
        </testcase>
        <testcase name="Then My balance is Ksh. 0" classname="withdrawal;cash-withdrawn">
        </testcase>
    </testsuite>
    <testsuite name="withdrawal;cash-withdrawn" tests="3" failures="0" skipped="0">
        <properties>
            <property name="URI" value="features/withdrawal.feature">
            </property>
        </properties>
        <testcase name="Given I have Ksh. 100 in my account" classname="withdrawal;cash-withdrawn">
        </testcase>
        <testcase name="When I withdraw Ksh. 100" classname="withdrawal;cash-withdrawn">
        </testcase>
        <testcase name="Then My balance is Ksh. 100" classname="withdrawal;cash-withdrawn">
        </testcase>
    </testsuite>
    <testsuite name="withdrawal;cash-withdrawn" tests="3" failures="0" skipped="0">
        <properties>
            <property name="URI" value="features/withdrawal.feature">
            </property>
        </properties>
        <testcase name="Given I have Ksh. 200 in my account" classname="withdrawal;cash-withdrawn">
        </testcase>
        <testcase name="When I withdraw Ksh. 200" classname="withdrawal;cash-withdrawn">
        </testcase>
        <testcase name="Then My balance is Ksh. 0" classname="withdrawal;cash-withdrawn">
        </testcase>
    </testsuite>
    <testsuite name="withdrawal;cash-withdrawn" tests="3" failures="0" skipped="0">
        <properties>
            <property name="URI" value="features/withdrawal.feature">
            </property>
        </properties>
        <testcase name="Given I have Ksh. 5000 in my account" classname="withdrawal;cash-withdrawn">
        </testcase>
        <testcase name="When I withdraw Ksh. -200" classname="withdrawal;cash-withdrawn">
        </testcase>
        <testcase name="Then My balance is Ksh. 5000" classname="withdrawal;cash-withdrawn">
        </testcase>
    </testsuite>
    <testsuite name="withdrawal;cash-withdrawn" tests="3" failures="0" skipped="0">
        <properties>
            <property name="URI" value="features/withdrawal.feature">
            </property>
        </properties>
        <testcase name="Given I have Ksh. 500000 in my account" classname="withdrawal;cash-withdrawn">
        </testcase>
        <testcase name="When I withdraw Ksh. 600000" classname="withdrawal;cash-withdrawn" time="0.001">
        </testcase>
        <testcase name="Then My balance is Ksh. 500000" classname="withdrawal;cash-withdrawn">
        </testcase>
    </testsuite>
</testsuites>